<?xml version="1.0" ?>
<coverage version="7.4.3" timestamp="1729169821459" lines-valid="768" lines-covered="312" line-rate="0.4062" branches-valid="298" branches-covered="75" branch-rate="0.2517" complexity="0">
	<!-- Generated by coverage.py: https://coverage.readthedocs.io/en/7.4.3 -->
	<!-- Based on https://raw.githubusercontent.com/cobertura/web/master/htdocs/xml/coverage-04.dtd -->
	<sources>
		<source>/home/bharath/fluttrfly_coding_area/fluttrfly</source>
	</sources>
	<packages>
		<package name="fluttrfly" line-rate="1" branch-rate="1" complexity="0">
			<classes>
				<class name="__init__.py" filename="fluttrfly/__init__.py" complexity="0" line-rate="1" branch-rate="1">
					<methods/>
					<lines/>
				</class>
			</classes>
		</package>
		<package name="fluttrfly.bin" line-rate="0" branch-rate="0" complexity="0">
			<classes>
				<class name="__init__.py" filename="fluttrfly/bin/__init__.py" complexity="0" line-rate="1" branch-rate="1">
					<methods/>
					<lines/>
				</class>
				<class name="entry.py" filename="fluttrfly/bin/entry.py" complexity="0" line-rate="0" branch-rate="0">
					<methods/>
					<lines>
						<line number="3" hits="0"/>
						<line number="7" hits="0" branch="true" condition-coverage="0% (0/2)" missing-branches="exit,8"/>
						<line number="8" hits="0"/>
					</lines>
				</class>
			</classes>
		</package>
		<package name="fluttrfly.bin.commands" line-rate="0.6933" branch-rate="0.2742" complexity="0">
			<classes>
				<class name="__init__.py" filename="fluttrfly/bin/commands/__init__.py" complexity="0" line-rate="1" branch-rate="1">
					<methods/>
					<lines/>
				</class>
				<class name="build_command.py" filename="fluttrfly/bin/commands/build_command.py" complexity="0" line-rate="0.6667" branch-rate="0.4">
					<methods/>
					<lines>
						<line number="1" hits="1"/>
						<line number="2" hits="1"/>
						<line number="4" hits="1"/>
						<line number="11" hits="1"/>
						<line number="17" hits="1"/>
						<line number="18" hits="1"/>
						<line number="19" hits="1"/>
						<line number="22" hits="1"/>
						<line number="23" hits="1"/>
						<line number="25" hits="1"/>
						<line number="33" hits="1" branch="true" condition-coverage="50% (1/2)" missing-branches="34"/>
						<line number="34" hits="0"/>
						<line number="37" hits="0"/>
						<line number="38" hits="1"/>
						<line number="40" hits="1"/>
						<line number="41" hits="0"/>
						<line number="42" hits="0"/>
						<line number="44" hits="1"/>
						<line number="45" hits="1" branch="true" condition-coverage="100% (2/2)"/>
						<line number="46" hits="1" branch="true" condition-coverage="50% (1/2)" missing-branches="47"/>
						<line number="47" hits="0" branch="true" condition-coverage="0% (0/2)" missing-branches="exit,exit"/>
						<line number="49" hits="1"/>
						<line number="53" hits="1"/>
						<line number="56" hits="1" branch="true" condition-coverage="50% (1/2)" missing-branches="57"/>
						<line number="57" hits="0"/>
						<line number="61" hits="1"/>
						<line number="62" hits="1" branch="true" condition-coverage="50% (1/2)" missing-branches="63"/>
						<line number="63" hits="0"/>
						<line number="66" hits="0"/>
						<line number="67" hits="1" branch="true" condition-coverage="50% (1/2)" missing-branches="73"/>
						<line number="68" hits="1"/>
						<line number="73" hits="0" branch="true" condition-coverage="0% (0/2)" missing-branches="exit,exit"/>
						<line number="75" hits="1"/>
						<line number="76" hits="1" branch="true" condition-coverage="50% (1/2)" missing-branches="80"/>
						<line number="77" hits="1"/>
						<line number="80" hits="0" branch="true" condition-coverage="0% (0/2)" missing-branches="81,83"/>
						<line number="81" hits="0"/>
						<line number="83" hits="0"/>
						<line number="86" hits="0"/>
					</lines>
				</class>
				<class name="env_command.py" filename="fluttrfly/bin/commands/env_command.py" complexity="0" line-rate="0.7193" branch-rate="0.4">
					<methods/>
					<lines>
						<line number="1" hits="1"/>
						<line number="3" hits="1"/>
						<line number="5" hits="1"/>
						<line number="11" hits="1"/>
						<line number="19" hits="1"/>
						<line number="28" hits="1"/>
						<line number="29" hits="1"/>
						<line number="31" hits="1"/>
						<line number="39" hits="1"/>
						<line number="40" hits="1" branch="true" condition-coverage="100% (2/2)"/>
						<line number="41" hits="1"/>
						<line number="42" hits="1"/>
						<line number="43" hits="1"/>
						<line number="45" hits="1"/>
						<line number="46" hits="1"/>
						<line number="47" hits="1"/>
						<line number="53" hits="1"/>
						<line number="55" hits="1"/>
						<line number="56" hits="1"/>
						<line number="57" hits="1"/>
						<line number="58" hits="1"/>
						<line number="60" hits="1"/>
						<line number="61" hits="1"/>
						<line number="62" hits="1" branch="true" condition-coverage="50% (1/2)" missing-branches="exit"/>
						<line number="63" hits="1"/>
						<line number="64" hits="1" branch="true" condition-coverage="50% (1/2)" missing-branches="65"/>
						<line number="65" hits="0"/>
						<line number="68" hits="0"/>
						<line number="70" hits="1"/>
						<line number="71" hits="1"/>
						<line number="72" hits="1" branch="true" condition-coverage="50% (1/2)" missing-branches="exit"/>
						<line number="73" hits="1"/>
						<line number="74" hits="1"/>
						<line number="76" hits="1"/>
						<line number="78" hits="1"/>
						<line number="79" hits="1" branch="true" condition-coverage="50% (1/2)" missing-branches="exit"/>
						<line number="80" hits="1"/>
						<line number="83" hits="1" branch="true" condition-coverage="50% (1/2)" missing-branches="99"/>
						<line number="84" hits="1"/>
						<line number="85" hits="1" branch="true" condition-coverage="50% (1/2)" missing-branches="86"/>
						<line number="86" hits="0"/>
						<line number="89" hits="0"/>
						<line number="90" hits="1"/>
						<line number="93" hits="1"/>
						<line number="99" hits="0" branch="true" condition-coverage="0% (0/2)" missing-branches="100,102"/>
						<line number="100" hits="0"/>
						<line number="102" hits="0"/>
						<line number="104" hits="1"/>
						<line number="106" hits="0"/>
						<line number="107" hits="0" branch="true" condition-coverage="0% (0/2)" missing-branches="109,122"/>
						<line number="109" hits="0"/>
						<line number="114" hits="0"/>
						<line number="115" hits="0"/>
						<line number="116" hits="0"/>
						<line number="122" hits="0" branch="true" condition-coverage="0% (0/2)" missing-branches="123,125"/>
						<line number="123" hits="0"/>
						<line number="125" hits="0"/>
					</lines>
				</class>
				<class name="global_variables.py" filename="fluttrfly/bin/commands/global_variables.py" complexity="0" line-rate="1" branch-rate="1">
					<methods/>
					<lines>
						<line number="4" hits="1"/>
						<line number="5" hits="1"/>
						<line number="6" hits="1"/>
						<line number="8" hits="1"/>
						<line number="9" hits="1"/>
						<line number="12" hits="1"/>
						<line number="13" hits="1"/>
						<line number="14" hits="1"/>
						<line number="15" hits="1"/>
						<line number="16" hits="1"/>
						<line number="17" hits="1"/>
						<line number="20" hits="1"/>
						<line number="23" hits="1"/>
						<line number="24" hits="1"/>
						<line number="25" hits="1"/>
						<line number="26" hits="1"/>
						<line number="28" hits="1"/>
					</lines>
				</class>
				<class name="setup_command.py" filename="fluttrfly/bin/commands/setup_command.py" complexity="0" line-rate="0.5405" branch-rate="0.04545">
					<methods/>
					<lines>
						<line number="1" hits="1"/>
						<line number="3" hits="1"/>
						<line number="11" hits="1"/>
						<line number="12" hits="1"/>
						<line number="13" hits="1"/>
						<line number="14" hits="1"/>
						<line number="28" hits="1"/>
						<line number="29" hits="1"/>
						<line number="31" hits="1"/>
						<line number="39" hits="1" branch="true" condition-coverage="50% (1/2)" missing-branches="40"/>
						<line number="40" hits="0"/>
						<line number="43" hits="0"/>
						<line number="44" hits="1"/>
						<line number="46" hits="1"/>
						<line number="48" hits="1"/>
						<line number="51" hits="1"/>
						<line number="53" hits="1"/>
						<line number="56" hits="0"/>
						<line number="59" hits="0" branch="true" condition-coverage="0% (0/2)" missing-branches="exit,65"/>
						<line number="65" hits="0" branch="true" condition-coverage="0% (0/2)" missing-branches="exit,71"/>
						<line number="71" hits="0" branch="true" condition-coverage="0% (0/2)" missing-branches="exit,81"/>
						<line number="81" hits="0" branch="true" condition-coverage="0% (0/2)" missing-branches="82,88"/>
						<line number="82" hits="0" branch="true" condition-coverage="0% (0/2)" missing-branches="exit,88"/>
						<line number="88" hits="0" branch="true" condition-coverage="0% (0/2)" missing-branches="89,95"/>
						<line number="89" hits="0" branch="true" condition-coverage="0% (0/2)" missing-branches="exit,95"/>
						<line number="95" hits="0" branch="true" condition-coverage="0% (0/2)" missing-branches="exit,100"/>
						<line number="100" hits="0" branch="true" condition-coverage="0% (0/2)" missing-branches="exit,103"/>
						<line number="103" hits="0" branch="true" condition-coverage="0% (0/2)" missing-branches="exit,106"/>
						<line number="106" hits="0"/>
						<line number="107" hits="0"/>
						<line number="111" hits="1"/>
						<line number="113" hits="0"/>
						<line number="115" hits="1"/>
						<line number="117" hits="0"/>
						<line number="119" hits="1"/>
						<line number="120" hits="1"/>
						<line number="121" hits="1"/>
					</lines>
				</class>
			</classes>
		</package>
		<package name="fluttrfly.bin.functions" line-rate="0.3174" branch-rate="0.2134" complexity="0">
			<classes>
				<class name="__init__.py" filename="fluttrfly/bin/functions/__init__.py" complexity="0" line-rate="1" branch-rate="1">
					<methods/>
					<lines/>
				</class>
				<class name="build_functions.py" filename="fluttrfly/bin/functions/build_functions.py" complexity="0" line-rate="0.1556" branch-rate="0">
					<methods/>
					<lines>
						<line number="4" hits="1"/>
						<line number="5" hits="1"/>
						<line number="7" hits="1"/>
						<line number="10" hits="1"/>
						<line number="18" hits="1"/>
						<line number="19" hits="1"/>
						<line number="20" hits="1"/>
						<line number="24" hits="1"/>
						<line number="32" hits="0"/>
						<line number="34" hits="0"/>
						<line number="35" hits="0"/>
						<line number="36" hits="0"/>
						<line number="38" hits="0"/>
						<line number="39" hits="0"/>
						<line number="41" hits="0"/>
						<line number="42" hits="0"/>
						<line number="44" hits="0"/>
						<line number="46" hits="0"/>
						<line number="47" hits="0"/>
						<line number="53" hits="1"/>
						<line number="54" hits="0"/>
						<line number="55" hits="0"/>
						<line number="56" hits="0"/>
						<line number="57" hits="0"/>
						<line number="59" hits="0" branch="true" condition-coverage="0% (0/2)" missing-branches="60,62"/>
						<line number="60" hits="0"/>
						<line number="62" hits="0"/>
						<line number="63" hits="0"/>
						<line number="72" hits="1"/>
						<line number="73" hits="0"/>
						<line number="74" hits="0"/>
						<line number="76" hits="0" branch="true" condition-coverage="0% (0/2)" missing-branches="77,86"/>
						<line number="77" hits="0"/>
						<line number="78" hits="0"/>
						<line number="82" hits="0"/>
						<line number="83" hits="0"/>
						<line number="86" hits="0"/>
						<line number="89" hits="0" branch="true" condition-coverage="0% (0/2)" missing-branches="90,93"/>
						<line number="90" hits="0"/>
						<line number="91" hits="0"/>
						<line number="93" hits="0"/>
						<line number="94" hits="0"/>
						<line number="95" hits="0"/>
						<line number="101" hits="1"/>
						<line number="104" hits="0"/>
						<line number="105" hits="0"/>
						<line number="106" hits="0"/>
						<line number="108" hits="0"/>
						<line number="111" hits="0"/>
						<line number="112" hits="0"/>
						<line number="119" hits="0" branch="true" condition-coverage="0% (0/2)" missing-branches="120,123"/>
						<line number="120" hits="0"/>
						<line number="123" hits="0"/>
						<line number="124" hits="0" branch="true" condition-coverage="0% (0/2)" missing-branches="125,128"/>
						<line number="125" hits="0"/>
						<line number="126" hits="0"/>
						<line number="128" hits="0" branch="true" condition-coverage="0% (0/2)" missing-branches="129,132"/>
						<line number="129" hits="0"/>
						<line number="132" hits="0"/>
						<line number="135" hits="0" branch="true" condition-coverage="0% (0/2)" missing-branches="138,139"/>
						<line number="138" hits="0"/>
						<line number="139" hits="0"/>
						<line number="145" hits="1"/>
						<line number="147" hits="0"/>
						<line number="150" hits="0"/>
						<line number="151" hits="0"/>
						<line number="152" hits="0" branch="true" condition-coverage="0% (0/2)" missing-branches="153,156"/>
						<line number="153" hits="0"/>
						<line number="156" hits="0"/>
						<line number="157" hits="0" branch="true" condition-coverage="0% (0/2)" missing-branches="158,159"/>
						<line number="158" hits="0"/>
						<line number="159" hits="0"/>
						<line number="160" hits="0"/>
						<line number="166" hits="1"/>
						<line number="167" hits="0"/>
						<line number="168" hits="0" branch="true" condition-coverage="0% (0/2)" missing-branches="169,170"/>
						<line number="169" hits="0"/>
						<line number="170" hits="0" branch="true" condition-coverage="0% (0/2)" missing-branches="exit,174"/>
						<line number="174" hits="0" branch="true" condition-coverage="0% (0/2)" missing-branches="exit,175"/>
						<line number="175" hits="0"/>
						<line number="180" hits="1"/>
						<line number="182" hits="0"/>
						<line number="183" hits="0"/>
						<line number="185" hits="0"/>
						<line number="186" hits="0"/>
						<line number="188" hits="0"/>
						<line number="194" hits="0" branch="true" condition-coverage="0% (0/2)" missing-branches="195,197"/>
						<line number="195" hits="0"/>
						<line number="197" hits="0"/>
						<line number="198" hits="0"/>
					</lines>
				</class>
				<class name="common_functions.py" filename="fluttrfly/bin/functions/common_functions.py" complexity="0" line-rate="1" branch-rate="1">
					<methods/>
					<lines>
						<line number="2" hits="1"/>
						<line number="3" hits="1"/>
						<line number="5" hits="1"/>
						<line number="8" hits="1"/>
						<line number="17" hits="1"/>
						<line number="18" hits="1"/>
						<line number="20" hits="1"/>
						<line number="21" hits="1"/>
						<line number="22" hits="1"/>
						<line number="23" hits="1"/>
						<line number="26" hits="1"/>
						<line number="30" hits="1"/>
						<line number="31" hits="1" branch="true" condition-coverage="100% (2/2)"/>
						<line number="32" hits="1"/>
						<line number="33" hits="1"/>
						<line number="34" hits="1"/>
						<line number="35" hits="1" branch="true" condition-coverage="100% (2/2)"/>
						<line number="36" hits="1"/>
						<line number="37" hits="1"/>
						<line number="40" hits="1"/>
						<line number="43" hits="1"/>
						<line number="44" hits="1"/>
						<line number="45" hits="1"/>
						<line number="51" hits="1"/>
						<line number="53" hits="1" branch="true" condition-coverage="100% (2/2)"/>
						<line number="54" hits="1"/>
						<line number="57" hits="1"/>
						<line number="59" hits="1" branch="true" condition-coverage="100% (2/2)"/>
						<line number="60" hits="1"/>
					</lines>
				</class>
				<class name="env_functions.py" filename="fluttrfly/bin/functions/env_functions.py" complexity="0" line-rate="0.3701" branch-rate="0.1364">
					<methods/>
					<lines>
						<line number="3" hits="1"/>
						<line number="4" hits="1"/>
						<line number="5" hits="1"/>
						<line number="7" hits="1"/>
						<line number="17" hits="1"/>
						<line number="18" hits="1"/>
						<line number="22" hits="1"/>
						<line number="23" hits="0"/>
						<line number="24" hits="0"/>
						<line number="25" hits="0" branch="true" condition-coverage="0% (0/2)" missing-branches="exit,26"/>
						<line number="26" hits="0"/>
						<line number="27" hits="0" branch="true" condition-coverage="0% (0/2)" missing-branches="28,30"/>
						<line number="28" hits="0"/>
						<line number="30" hits="0"/>
						<line number="31" hits="0" branch="true" condition-coverage="0% (0/2)" missing-branches="32,33"/>
						<line number="32" hits="0"/>
						<line number="33" hits="0"/>
						<line number="34" hits="0"/>
						<line number="40" hits="1"/>
						<line number="41" hits="1"/>
						<line number="42" hits="1"/>
						<line number="43" hits="1"/>
						<line number="44" hits="1"/>
						<line number="45" hits="1"/>
						<line number="46" hits="1"/>
						<line number="47" hits="1"/>
						<line number="48" hits="1"/>
						<line number="49" hits="1"/>
						<line number="52" hits="1"/>
						<line number="53" hits="1"/>
						<line number="54" hits="1"/>
						<line number="57" hits="1"/>
						<line number="58" hits="1"/>
						<line number="61" hits="1"/>
						<line number="64" hits="1"/>
						<line number="67" hits="1"/>
						<line number="71" hits="1"/>
						<line number="73" hits="1" branch="true" condition-coverage="100% (2/2)"/>
						<line number="74" hits="1"/>
						<line number="75" hits="1"/>
						<line number="76" hits="1"/>
						<line number="77" hits="1"/>
						<line number="79" hits="1"/>
						<line number="82" hits="1"/>
						<line number="83" hits="0"/>
						<line number="84" hits="0"/>
						<line number="85" hits="0"/>
						<line number="86" hits="0"/>
						<line number="89" hits="1"/>
						<line number="90" hits="0"/>
						<line number="91" hits="0"/>
						<line number="92" hits="0"/>
						<line number="93" hits="0"/>
						<line number="94" hits="0"/>
						<line number="95" hits="0"/>
						<line number="96" hits="0"/>
						<line number="99" hits="1"/>
						<line number="100" hits="0"/>
						<line number="101" hits="0"/>
						<line number="102" hits="0"/>
						<line number="103" hits="0"/>
						<line number="104" hits="0"/>
						<line number="105" hits="0"/>
						<line number="106" hits="0"/>
						<line number="107" hits="0"/>
						<line number="110" hits="1"/>
						<line number="111" hits="0"/>
						<line number="112" hits="0"/>
						<line number="113" hits="0"/>
						<line number="114" hits="0"/>
						<line number="115" hits="0"/>
						<line number="116" hits="0"/>
						<line number="117" hits="0"/>
						<line number="118" hits="0"/>
						<line number="121" hits="1"/>
						<line number="122" hits="1"/>
						<line number="123" hits="1" branch="true" condition-coverage="50% (1/2)" missing-branches="124"/>
						<line number="124" hits="0"/>
						<line number="126" hits="1"/>
						<line number="129" hits="1"/>
						<line number="131" hits="1" branch="true" condition-coverage="100% (2/2)"/>
						<line number="132" hits="1"/>
						<line number="133" hits="1"/>
						<line number="136" hits="1"/>
						<line number="138" hits="1"/>
						<line number="139" hits="1"/>
						<line number="140" hits="0"/>
						<line number="142" hits="0" branch="true" condition-coverage="0% (0/2)" missing-branches="143,146"/>
						<line number="143" hits="0"/>
						<line number="144" hits="0"/>
						<line number="146" hits="0"/>
						<line number="147" hits="0"/>
						<line number="150" hits="1"/>
						<line number="151" hits="1"/>
						<line number="152" hits="1"/>
						<line number="155" hits="1"/>
						<line number="156" hits="1" branch="true" condition-coverage="50% (1/2)" missing-branches="157"/>
						<line number="157" hits="0"/>
						<line number="158" hits="1"/>
						<line number="159" hits="0"/>
						<line number="160" hits="0"/>
						<line number="161" hits="0"/>
						<line number="164" hits="1"/>
						<line number="165" hits="0"/>
						<line number="166" hits="0"/>
						<line number="167" hits="0"/>
						<line number="168" hits="0"/>
						<line number="169" hits="0"/>
						<line number="170" hits="0"/>
						<line number="171" hits="0"/>
						<line number="172" hits="0"/>
						<line number="175" hits="1"/>
						<line number="176" hits="0"/>
						<line number="177" hits="0"/>
						<line number="180" hits="0" branch="true" condition-coverage="0% (0/2)" missing-branches="181,182"/>
						<line number="181" hits="0"/>
						<line number="182" hits="0" branch="true" condition-coverage="0% (0/2)" missing-branches="183,193"/>
						<line number="183" hits="0"/>
						<line number="186" hits="0" branch="true" condition-coverage="0% (0/2)" missing-branches="187,188"/>
						<line number="187" hits="0"/>
						<line number="188" hits="0" branch="true" condition-coverage="0% (0/2)" missing-branches="189,191"/>
						<line number="189" hits="0"/>
						<line number="191" hits="0"/>
						<line number="193" hits="0"/>
						<line number="195" hits="0"/>
						<line number="198" hits="1"/>
						<line number="199" hits="0"/>
						<line number="200" hits="0" branch="true" condition-coverage="0% (0/2)" missing-branches="201,207"/>
						<line number="201" hits="0"/>
						<line number="202" hits="0" branch="true" condition-coverage="0% (0/2)" missing-branches="203,207"/>
						<line number="203" hits="0"/>
						<line number="206" hits="0"/>
						<line number="207" hits="0"/>
						<line number="208" hits="0" branch="true" condition-coverage="0% (0/2)" missing-branches="exit,209"/>
						<line number="209" hits="0"/>
						<line number="210" hits="0" branch="true" condition-coverage="0% (0/2)" missing-branches="exit,211"/>
						<line number="211" hits="0"/>
						<line number="212" hits="0"/>
						<line number="217" hits="1"/>
						<line number="218" hits="0"/>
						<line number="219" hits="0" branch="true" condition-coverage="0% (0/2)" missing-branches="220,240"/>
						<line number="220" hits="0"/>
						<line number="222" hits="0" branch="true" condition-coverage="0% (0/2)" missing-branches="223,227"/>
						<line number="223" hits="0"/>
						<line number="226" hits="0"/>
						<line number="227" hits="0" branch="true" condition-coverage="0% (0/2)" missing-branches="228,232"/>
						<line number="228" hits="0" branch="true" condition-coverage="0% (0/2)" missing-branches="229,232"/>
						<line number="229" hits="0"/>
						<line number="232" hits="0" branch="true" condition-coverage="0% (0/2)" missing-branches="exit,233"/>
						<line number="233" hits="0"/>
						<line number="236" hits="0"/>
						<line number="239" hits="0"/>
						<line number="240" hits="0" branch="true" condition-coverage="0% (0/2)" missing-branches="exit,241"/>
						<line number="241" hits="0"/>
					</lines>
				</class>
				<class name="json_functions.py" filename="fluttrfly/bin/functions/json_functions.py" complexity="0" line-rate="0.339" branch-rate="0.38">
					<methods/>
					<lines>
						<line number="1" hits="1"/>
						<line number="2" hits="1"/>
						<line number="3" hits="1"/>
						<line number="6" hits="1"/>
						<line number="17" hits="1"/>
						<line number="18" hits="1"/>
						<line number="19" hits="1"/>
						<line number="20" hits="1"/>
						<line number="21" hits="0" branch="true" condition-coverage="0% (0/2)" missing-branches="22,30"/>
						<line number="22" hits="0"/>
						<line number="23" hits="0"/>
						<line number="26" hits="0"/>
						<line number="29" hits="0"/>
						<line number="30" hits="0"/>
						<line number="31" hits="0"/>
						<line number="32" hits="0"/>
						<line number="34" hits="1"/>
						<line number="37" hits="1"/>
						<line number="38" hits="1" branch="true" condition-coverage="100% (2/2)"/>
						<line number="39" hits="1" branch="true" condition-coverage="100% (2/2)"/>
						<line number="40" hits="1"/>
						<line number="43" hits="1"/>
						<line number="44" hits="1" branch="true" condition-coverage="100% (2/2)"/>
						<line number="45" hits="1" branch="true" condition-coverage="100% (2/2)"/>
						<line number="46" hits="1"/>
						<line number="49" hits="1"/>
						<line number="50" hits="1" branch="true" condition-coverage="100% (2/2)"/>
						<line number="51" hits="1"/>
						<line number="52" hits="1"/>
						<line number="53" hits="1"/>
						<line number="56" hits="1"/>
						<line number="57" hits="1" branch="true" condition-coverage="100% (2/2)"/>
						<line number="58" hits="1"/>
						<line number="59" hits="1" branch="true" condition-coverage="50% (1/2)" missing-branches="67"/>
						<line number="60" hits="1"/>
						<line number="67" hits="0"/>
						<line number="70" hits="1"/>
						<line number="71" hits="1" branch="true" condition-coverage="100% (2/2)"/>
						<line number="72" hits="0"/>
						<line number="73" hits="0" branch="true" condition-coverage="0% (0/2)" missing-branches="74,84"/>
						<line number="74" hits="0"/>
						<line number="84" hits="0"/>
						<line number="87" hits="1"/>
						<line number="88" hits="1"/>
						<line number="89" hits="1" branch="true" condition-coverage="50% (1/2)" missing-branches="94"/>
						<line number="90" hits="1" branch="true" condition-coverage="50% (1/2)" missing-branches="92"/>
						<line number="91" hits="1"/>
						<line number="92" hits="1"/>
						<line number="94" hits="0"/>
						<line number="95" hits="0" branch="true" condition-coverage="0% (0/2)" missing-branches="96,99"/>
						<line number="96" hits="0"/>
						<line number="99" hits="0"/>
						<line number="100" hits="0"/>
						<line number="101" hits="0"/>
						<line number="102" hits="0"/>
						<line number="105" hits="1"/>
						<line number="106" hits="1" branch="true" condition-coverage="100% (2/2)"/>
						<line number="107" hits="0"/>
						<line number="111" hits="0"/>
						<line number="122" hits="0" branch="true" condition-coverage="0% (0/2)" missing-branches="123,126"/>
						<line number="123" hits="0"/>
						<line number="124" hits="0" branch="true" condition-coverage="0% (0/2)" missing-branches="122,125"/>
						<line number="125" hits="0"/>
						<line number="126" hits="0"/>
						<line number="129" hits="1"/>
						<line number="130" hits="0" branch="true" condition-coverage="0% (0/2)" missing-branches="131,147"/>
						<line number="131" hits="0" branch="true" condition-coverage="0% (0/2)" missing-branches="133,147"/>
						<line number="133" hits="0"/>
						<line number="142" hits="0"/>
						<line number="145" hits="0"/>
						<line number="147" hits="0"/>
						<line number="164" hits="0" branch="true" condition-coverage="0% (0/2)" missing-branches="exit,166"/>
						<line number="166" hits="0"/>
						<line number="167" hits="0"/>
						<line number="170" hits="0"/>
						<line number="171" hits="0"/>
						<line number="172" hits="0"/>
						<line number="173" hits="0"/>
						<line number="174" hits="0"/>
						<line number="175" hits="0"/>
						<line number="176" hits="0"/>
						<line number="177" hits="0"/>
						<line number="178" hits="0"/>
						<line number="181" hits="0"/>
						<line number="184" hits="0"/>
						<line number="187" hits="0"/>
						<line number="190" hits="0"/>
						<line number="195" hits="1"/>
						<line number="196" hits="0"/>
						<line number="197" hits="0"/>
						<line number="198" hits="0"/>
						<line number="199" hits="0"/>
						<line number="202" hits="0"/>
						<line number="205" hits="0"/>
						<line number="208" hits="0"/>
						<line number="211" hits="0"/>
						<line number="212" hits="0"/>
						<line number="213" hits="0" branch="true" condition-coverage="0% (0/2)" missing-branches="214,219"/>
						<line number="214" hits="0"/>
						<line number="215" hits="0" branch="true" condition-coverage="0% (0/2)" missing-branches="216,218"/>
						<line number="216" hits="0"/>
						<line number="218" hits="0"/>
						<line number="219" hits="0" branch="true" condition-coverage="0% (0/2)" missing-branches="exit,220"/>
						<line number="220" hits="0"/>
						<line number="221" hits="0" branch="true" condition-coverage="0% (0/2)" missing-branches="222,226"/>
						<line number="222" hits="0"/>
						<line number="225" hits="0"/>
						<line number="226" hits="0"/>
						<line number="227" hits="0"/>
						<line number="228" hits="0"/>
						<line number="231" hits="1"/>
						<line number="232" hits="0"/>
						<line number="249" hits="0" branch="true" condition-coverage="0% (0/2)" missing-branches="250,256"/>
						<line number="250" hits="0"/>
						<line number="251" hits="0" branch="true" condition-coverage="0% (0/2)" missing-branches="249,252"/>
						<line number="252" hits="0"/>
						<line number="255" hits="0"/>
						<line number="256" hits="0"/>
					</lines>
				</class>
				<class name="setup_functions.py" filename="fluttrfly/bin/functions/setup_functions.py" complexity="0" line-rate="0.2143" branch-rate="0.05556">
					<methods/>
					<lines>
						<line number="2" hits="1"/>
						<line number="3" hits="1"/>
						<line number="4" hits="1"/>
						<line number="5" hits="1"/>
						<line number="6" hits="1"/>
						<line number="7" hits="1"/>
						<line number="8" hits="1"/>
						<line number="9" hits="1"/>
						<line number="11" hits="1"/>
						<line number="13" hits="1"/>
						<line number="22" hits="1"/>
						<line number="23" hits="1"/>
						<line number="26" hits="1"/>
						<line number="29" hits="0"/>
						<line number="32" hits="0"/>
						<line number="35" hits="0"/>
						<line number="38" hits="0" branch="true" condition-coverage="0% (0/2)" missing-branches="39,41"/>
						<line number="39" hits="0"/>
						<line number="41" hits="0"/>
						<line number="44" hits="1"/>
						<line number="46" hits="0"/>
						<line number="47" hits="0"/>
						<line number="48" hits="0"/>
						<line number="49" hits="0" branch="true" condition-coverage="0% (0/2)" missing-branches="50,53"/>
						<line number="50" hits="0"/>
						<line number="51" hits="0" branch="true" condition-coverage="0% (0/2)" missing-branches="49,52"/>
						<line number="52" hits="0"/>
						<line number="53" hits="0" branch="true" condition-coverage="0% (0/2)" missing-branches="54,58"/>
						<line number="54" hits="0"/>
						<line number="57" hits="0"/>
						<line number="58" hits="0"/>
						<line number="61" hits="1"/>
						<line number="64" hits="0"/>
						<line number="65" hits="0"/>
						<line number="67" hits="0" branch="true" condition-coverage="0% (0/2)" missing-branches="68,70"/>
						<line number="68" hits="0"/>
						<line number="69" hits="0"/>
						<line number="70" hits="0"/>
						<line number="72" hits="0"/>
						<line number="73" hits="0"/>
						<line number="74" hits="0"/>
						<line number="75" hits="0"/>
						<line number="77" hits="0"/>
						<line number="78" hits="0"/>
						<line number="79" hits="0"/>
						<line number="80" hits="0"/>
						<line number="81" hits="0"/>
						<line number="82" hits="0"/>
						<line number="85" hits="1"/>
						<line number="88" hits="0"/>
						<line number="89" hits="0"/>
						<line number="90" hits="0"/>
						<line number="91" hits="0"/>
						<line number="92" hits="0"/>
						<line number="93" hits="0"/>
						<line number="94" hits="0"/>
						<line number="95" hits="0"/>
						<line number="96" hits="0"/>
						<line number="97" hits="0"/>
						<line number="98" hits="0"/>
						<line number="101" hits="1"/>
						<line number="105" hits="0"/>
						<line number="108" hits="0"/>
						<line number="111" hits="0" branch="true" condition-coverage="0% (0/2)" missing-branches="112,113"/>
						<line number="112" hits="0"/>
						<line number="113" hits="0"/>
						<line number="116" hits="0"/>
						<line number="125" hits="0"/>
						<line number="126" hits="0"/>
						<line number="129" hits="1"/>
						<line number="133" hits="0"/>
						<line number="134" hits="0" branch="true" condition-coverage="0% (0/2)" missing-branches="135,137"/>
						<line number="135" hits="0"/>
						<line number="137" hits="0" branch="true" condition-coverage="0% (0/2)" missing-branches="138,140"/>
						<line number="138" hits="0"/>
						<line number="140" hits="0"/>
						<line number="144" hits="0" branch="true" condition-coverage="0% (0/2)" missing-branches="145,146"/>
						<line number="145" hits="0"/>
						<line number="146" hits="0"/>
						<line number="149" hits="1"/>
						<line number="153" hits="0"/>
						<line number="154" hits="0"/>
						<line number="157" hits="0"/>
						<line number="160" hits="0"/>
						<line number="161" hits="0"/>
						<line number="166" hits="0"/>
						<line number="167" hits="0"/>
						<line number="173" hits="0"/>
						<line number="174" hits="0"/>
						<line number="177" hits="0"/>
						<line number="179" hits="0"/>
						<line number="182" hits="1"/>
						<line number="186" hits="0" branch="true" condition-coverage="0% (0/2)" missing-branches="187,190"/>
						<line number="187" hits="0"/>
						<line number="190" hits="0"/>
						<line number="193" hits="0"/>
						<line number="198" hits="0" branch="true" condition-coverage="0% (0/2)" missing-branches="199,201"/>
						<line number="199" hits="0"/>
						<line number="201" hits="0"/>
						<line number="204" hits="1"/>
						<line number="209" hits="0"/>
						<line number="210" hits="0"/>
						<line number="212" hits="0" branch="true" condition-coverage="0% (0/2)" missing-branches="213,215"/>
						<line number="213" hits="0"/>
						<line number="215" hits="0"/>
						<line number="216" hits="0"/>
						<line number="218" hits="0"/>
						<line number="222" hits="0"/>
						<line number="224" hits="0" branch="true" condition-coverage="0% (0/2)" missing-branches="225,229"/>
						<line number="225" hits="0"/>
						<line number="226" hits="0"/>
						<line number="229" hits="0" branch="true" condition-coverage="0% (0/2)" missing-branches="230,232"/>
						<line number="230" hits="0"/>
						<line number="231" hits="0"/>
						<line number="232" hits="0"/>
						<line number="235" hits="1"/>
						<line number="240" hits="0"/>
						<line number="245" hits="0"/>
						<line number="247" hits="0"/>
						<line number="248" hits="0" branch="true" condition-coverage="0% (0/2)" missing-branches="249,256"/>
						<line number="249" hits="0"/>
						<line number="250" hits="0"/>
						<line number="251" hits="0"/>
						<line number="252" hits="0"/>
						<line number="253" hits="0"/>
						<line number="256" hits="0"/>
						<line number="257" hits="0"/>
						<line number="258" hits="0" branch="true" condition-coverage="0% (0/2)" missing-branches="259,264"/>
						<line number="259" hits="0"/>
						<line number="260" hits="0"/>
						<line number="261" hits="0"/>
						<line number="262" hits="0"/>
						<line number="263" hits="0"/>
						<line number="264" hits="0"/>
						<line number="267" hits="1"/>
						<line number="272" hits="0"/>
						<line number="273" hits="0"/>
						<line number="276" hits="0"/>
						<line number="279" hits="0"/>
						<line number="280" hits="0" branch="true" condition-coverage="0% (0/2)" missing-branches="281,282"/>
						<line number="281" hits="0"/>
						<line number="282" hits="0"/>
						<line number="283" hits="0"/>
						<line number="284" hits="0"/>
						<line number="287" hits="1"/>
						<line number="289" hits="1"/>
						<line number="290" hits="1"/>
						<line number="292" hits="1"/>
						<line number="293" hits="1"/>
						<line number="295" hits="1"/>
						<line number="300" hits="1" branch="true" condition-coverage="100% (2/2)"/>
						<line number="301" hits="1"/>
						<line number="303" hits="1"/>
						<line number="304" hits="1"/>
					</lines>
				</class>
			</classes>
		</package>
		<package name="fluttrfly.bin.manager" line-rate="0.5" branch-rate="0.3286" complexity="0">
			<classes>
				<class name="__init__.py" filename="fluttrfly/bin/manager/__init__.py" complexity="0" line-rate="1" branch-rate="1">
					<methods/>
					<lines/>
				</class>
				<class name="command_lines.py" filename="fluttrfly/bin/manager/command_lines.py" complexity="0" line-rate="0" branch-rate="0">
					<methods/>
					<lines>
						<line number="1" hits="0"/>
						<line number="3" hits="0"/>
						<line number="4" hits="0"/>
						<line number="8" hits="0" branch="true" condition-coverage="0% (0/2)" missing-branches="9,11"/>
						<line number="9" hits="0" branch="true" condition-coverage="0% (0/2)" missing-branches="8,10"/>
						<line number="10" hits="0" branch="true" condition-coverage="0% (0/2)" missing-branches="9,11"/>
						<line number="11" hits="0" branch="true" condition-coverage="0% (0/2)" missing-branches="10,16"/>
						<line number="13" hits="0"/>
						<line number="16" hits="0" branch="true" condition-coverage="0% (0/2)" missing-branches="17,24"/>
						<line number="17" hits="0" branch="true" condition-coverage="0% (0/2)" missing-branches="16,18"/>
						<line number="18" hits="0" branch="true" condition-coverage="0% (0/2)" missing-branches="17,21"/>
						<line number="21" hits="0" branch="true" condition-coverage="0% (0/2)" missing-branches="18,22"/>
						<line number="22" hits="0" branch="true" condition-coverage="0% (0/2)" missing-branches="21,23"/>
						<line number="23" hits="0" branch="true" condition-coverage="0% (0/2)" missing-branches="22,24"/>
						<line number="24" hits="0" branch="true" condition-coverage="0% (0/2)" missing-branches="23,30"/>
						<line number="26" hits="0"/>
						<line number="27" hits="0"/>
						<line number="30" hits="0" branch="true" condition-coverage="0% (0/2)" missing-branches="31,35"/>
						<line number="31" hits="0" branch="true" condition-coverage="0% (0/2)" missing-branches="30,32"/>
						<line number="32" hits="0" branch="true" condition-coverage="0% (0/2)" missing-branches="31,33"/>
						<line number="33" hits="0" branch="true" condition-coverage="0% (0/2)" missing-branches="32,34"/>
						<line number="34" hits="0" branch="true" condition-coverage="0% (0/2)" missing-branches="33,35"/>
						<line number="35" hits="0" branch="true" condition-coverage="0% (0/2)" missing-branches="34,41"/>
						<line number="37" hits="0"/>
						<line number="38" hits="0"/>
						<line number="41" hits="0" branch="true" condition-coverage="0% (0/2)" missing-branches="42,57"/>
						<line number="42" hits="0" branch="true" condition-coverage="0% (0/2)" missing-branches="41,49"/>
						<line number="49" hits="0" branch="true" condition-coverage="0% (0/2)" missing-branches="42,56"/>
						<line number="56" hits="0" branch="true" condition-coverage="0% (0/2)" missing-branches="49,57"/>
						<line number="57" hits="0" branch="true" condition-coverage="0% (0/2)" missing-branches="exit,56"/>
						<line number="59" hits="0"/>
						<line number="60" hits="0"/>
					</lines>
				</class>
				<class name="commands_manager.py" filename="fluttrfly/bin/manager/commands_manager.py" complexity="0" line-rate="0.9211" branch-rate="0.8846">
					<methods/>
					<lines>
						<line number="2" hits="1"/>
						<line number="3" hits="1"/>
						<line number="4" hits="1"/>
						<line number="7" hits="1"/>
						<line number="8" hits="1"/>
						<line number="9" hits="1"/>
						<line number="11" hits="1"/>
						<line number="13" hits="1"/>
						<line number="14" hits="1" branch="true" condition-coverage="100% (2/2)"/>
						<line number="15" hits="1"/>
						<line number="16" hits="1" branch="true" condition-coverage="100% (2/2)"/>
						<line number="17" hits="1"/>
						<line number="18" hits="1" branch="true" condition-coverage="50% (1/2)" missing-branches="19"/>
						<line number="19" hits="0"/>
						<line number="20" hits="1" branch="true" condition-coverage="50% (1/2)" missing-branches="21"/>
						<line number="21" hits="0"/>
						<line number="22" hits="1" branch="true" condition-coverage="100% (2/2)"/>
						<line number="23" hits="1"/>
						<line number="25" hits="1"/>
						<line number="27" hits="1"/>
						<line number="28" hits="1" branch="true" condition-coverage="100% (2/2)"/>
						<line number="29" hits="1"/>
						<line number="30" hits="1" branch="true" condition-coverage="100% (2/2)"/>
						<line number="31" hits="1"/>
						<line number="32" hits="1" branch="true" condition-coverage="100% (2/2)"/>
						<line number="33" hits="1"/>
						<line number="34" hits="1" branch="true" condition-coverage="100% (2/2)"/>
						<line number="35" hits="1"/>
						<line number="37" hits="1"/>
						<line number="39" hits="1"/>
						<line number="40" hits="1" branch="true" condition-coverage="50% (1/2)" missing-branches="41"/>
						<line number="41" hits="0"/>
						<line number="42" hits="1" branch="true" condition-coverage="100% (2/2)"/>
						<line number="43" hits="1"/>
						<line number="44" hits="1" branch="true" condition-coverage="100% (2/2)"/>
						<line number="45" hits="1"/>
						<line number="46" hits="1" branch="true" condition-coverage="100% (2/2)"/>
						<line number="47" hits="1"/>
					</lines>
				</class>
			</classes>
		</package>
	</packages>
</coverage>
